[2018-08-11 12:04:19] slim-app.INFO: home controller [] {"uid":"411ada4"}
[2018-08-11 12:04:19] slim-app.INFO: The args: [] {"uid":"411ada4"}
[2018-08-11 12:04:23] slim-app.INFO: home controller [] {"uid":"00abd30"}
[2018-08-11 12:04:23] slim-app.INFO: The args: [] {"uid":"00abd30"}
[2018-08-11 12:04:28] slim-app.INFO: home controller [] {"uid":"907fb84"}
[2018-08-11 12:04:28] slim-app.INFO: The args: [] {"uid":"907fb84"}
[2018-08-11 12:04:39] slim-app.INFO: home controller [] {"uid":"94fe1ce"}
[2018-08-11 12:04:39] slim-app.INFO: The args: {"name":"ali"} {"uid":"94fe1ce"}
[2018-08-11 12:04:52] slim-app.INFO: home controller [] {"uid":"512c61a"}
[2018-08-11 12:04:52] slim-app.INFO: The args: {"name":"ali"} {"uid":"512c61a"}
[2018-08-11 12:05:12] slim-app.INFO: home controller [] {"uid":"3ec06b6"}
[2018-08-11 12:05:12] slim-app.INFO: The args: [] {"uid":"3ec06b6"}
[2018-08-11 12:05:15] slim-app.INFO: home controller [] {"uid":"4af4a4e"}
[2018-08-11 12:05:15] slim-app.INFO: The args: {"name":"ali"} {"uid":"4af4a4e"}
[2018-08-11 12:05:26] slim-app.INFO: home controller [] {"uid":"0e4db98"}
[2018-08-11 12:05:26] slim-app.INFO: The args: {"name":"ali"} {"uid":"0e4db98"}
[2018-08-11 12:05:36] slim-app.INFO: home controller [] {"uid":"798d527"}
[2018-08-11 12:05:36] slim-app.INFO: The args: {"name":"ali"} {"uid":"798d527"}
[2018-08-11 12:14:55] slim-app.INFO: home controller [] {"uid":"aad1ef3"}
[2018-08-11 12:14:55] slim-app.INFO: The args: {"name":"ali"} {"uid":"aad1ef3"}
[2018-08-11 12:16:25] slim-app.INFO: home controller [] {"uid":"f7ebd91"}
[2018-08-11 12:16:25] slim-app.INFO: The args: [] {"uid":"f7ebd91"}
[2018-08-11 12:16:25] slim-app.INFO: home controller [] {"uid":"34225f4"}
[2018-08-11 12:16:25] slim-app.INFO: The args: [] {"uid":"34225f4"}
[2018-08-11 12:17:06] slim-app.INFO: home controller [] {"uid":"5b4fabe"}
[2018-08-11 12:17:06] slim-app.INFO: The args: [] {"uid":"5b4fabe"}
[2018-08-11 12:17:51] slim-app.INFO: home controller [] {"uid":"eed66c4"}
[2018-08-11 12:17:51] slim-app.INFO: The args: [] {"uid":"eed66c4"}
[2018-08-11 12:18:05] slim-app.INFO: home controller [] {"uid":"67fe531"}
[2018-08-11 12:18:05] slim-app.INFO: The args: [] {"uid":"67fe531"}
[2018-08-11 12:18:53] slim-app.INFO: home controller [] {"uid":"feafa8e"}
[2018-08-11 12:18:53] slim-app.INFO: The args: [] {"uid":"feafa8e"}
[2018-08-11 12:19:03] slim-app.INFO: home controller [] {"uid":"6224dac"}
[2018-08-11 12:19:03] slim-app.INFO: The args: [] {"uid":"6224dac"}
[2018-08-11 12:19:17] slim-app.INFO: home controller [] {"uid":"393ac9c"}
[2018-08-11 12:19:17] slim-app.INFO: The args: [] {"uid":"393ac9c"}
[2018-08-11 12:19:26] slim-app.INFO: home controller [] {"uid":"a69678d"}
[2018-08-11 12:19:26] slim-app.INFO: The args: [] {"uid":"a69678d"}
[2018-08-11 12:20:24] slim-app.INFO: home controller [] {"uid":"28e1607"}
[2018-08-11 12:20:24] slim-app.INFO: The args: [] {"uid":"28e1607"}
[2018-08-11 12:20:30] slim-app.ERROR: csrf validation error {"request":{"name":"asdasd"}} {"uid":"d77baf6"}
[2018-08-11 12:24:07] slim-app.INFO: home controller [] {"uid":"0f2cc0b"}
[2018-08-11 12:24:07] slim-app.INFO: The args: [] {"uid":"0f2cc0b"}
[2018-08-11 12:24:40] slim-app.INFO: home controller [] {"uid":"db9077f"}
[2018-08-11 12:24:40] slim-app.INFO: The args: [] {"uid":"db9077f"}
[2018-08-11 12:25:48] slim-app.INFO: home controller [] {"uid":"5dcbc0b"}
[2018-08-11 12:25:48] slim-app.INFO: The args: [] {"uid":"5dcbc0b"}
[2018-08-11 12:26:09] slim-app.INFO: home controller [] {"uid":"a521054"}
[2018-08-11 12:26:09] slim-app.INFO: The args: [] {"uid":"a521054"}
[2018-08-11 12:26:21] slim-app.INFO: home controller [] {"uid":"1d48225"}
[2018-08-11 12:26:21] slim-app.INFO: The args: [] {"uid":"1d48225"}
[2018-08-11 12:26:58] slim-app.INFO: home controller [] {"uid":"d15b0ce"}
[2018-08-11 12:26:58] slim-app.INFO: The args: [] {"uid":"d15b0ce"}
[2018-08-11 12:28:33] slim-app.INFO: home controller [] {"uid":"cdcb4aa"}
[2018-08-11 12:28:33] slim-app.INFO: The args: [] {"uid":"cdcb4aa"}
[2018-08-11 12:28:52] slim-app.ERROR: csrf validation error {"request":{"name":"dsfxz"}} {"uid":"78e48f6"}
[2018-08-11 12:29:18] slim-app.INFO: home controller [] {"uid":"14c7439"}
[2018-08-11 12:29:18] slim-app.INFO: The args: [] {"uid":"14c7439"}
[2018-08-11 12:29:22] slim-app.ERROR: csrf validation error {"request":{"name":"asfasdfas"}} {"uid":"3335f09"}
[2018-08-11 12:29:33] slim-app.INFO: home controller [] {"uid":"ec82d0c"}
[2018-08-11 12:29:33] slim-app.INFO: The args: [] {"uid":"ec82d0c"}
[2018-08-11 12:29:38] slim-app.ERROR: csrf validation error {"request":{"name":"sadfasdfasdf"}} {"uid":"ab4bb42"}
[2018-08-11 12:34:33] slim-app.INFO: home controller [] {"uid":"de122d2"}
[2018-08-11 12:34:33] slim-app.INFO: The args: [] {"uid":"de122d2"}
[2018-08-11 12:34:55] slim-app.INFO: home controller [] {"uid":"15e5d0d"}
[2018-08-11 12:34:55] slim-app.INFO: The args: [] {"uid":"15e5d0d"}
[2018-08-11 12:35:13] slim-app.INFO: home controller [] {"uid":"2b37f4a"}
[2018-08-11 12:35:13] slim-app.INFO: The args: [] {"uid":"2b37f4a"}
[2018-08-11 12:37:46] slim-app.INFO: home controller [] {"uid":"eb0fb3d"}
[2018-08-11 12:37:46] slim-app.INFO: The args: [] {"uid":"eb0fb3d"}
[2018-08-11 12:37:49] slim-app.INFO: home controller [] {"uid":"dafe7e6"}
[2018-08-11 12:37:49] slim-app.INFO: The args: [] {"uid":"dafe7e6"}
[2018-08-11 12:39:25] slim-app.INFO: home controller [] {"uid":"c51667a"}
[2018-08-11 12:39:25] slim-app.INFO: The args: [] {"uid":"c51667a"}
[2018-08-11 12:39:28] slim-app.INFO: home controller [] {"uid":"e5de8cd"}
[2018-08-11 12:39:28] slim-app.INFO: The args: [] {"uid":"e5de8cd"}
[2018-08-11 12:42:21] slim-app.INFO: home controller [] {"uid":"c3de30f"}
[2018-08-11 12:42:21] slim-app.INFO: The args: [] {"uid":"c3de30f"}
[2018-08-11 12:42:44] slim-app.INFO: home controller [] {"uid":"dd05835"}
[2018-08-11 12:42:44] slim-app.INFO: The args: [] {"uid":"dd05835"}
[2018-08-11 12:43:21] slim-app.INFO: home controller [] {"uid":"b6d50dd"}
[2018-08-11 12:43:21] slim-app.INFO: The args: [] {"uid":"b6d50dd"}
[2018-08-11 12:46:01] slim-app.INFO: home controller [] {"uid":"07bf767"}
[2018-08-11 12:46:01] slim-app.INFO: The args: [] {"uid":"07bf767"}
[2018-08-11 12:46:20] slim-app.INFO: home controller [] {"uid":"4a10c49"}
[2018-08-11 12:46:20] slim-app.INFO: The args: [] {"uid":"4a10c49"}
[2018-08-11 12:46:54] slim-app.INFO: home controller [] {"uid":"dc919aa"}
[2018-08-11 12:46:54] slim-app.INFO: The args: [] {"uid":"dc919aa"}
[2018-08-11 12:48:55] slim-app.INFO: home controller [] {"uid":"785eefc"}
[2018-08-11 12:48:55] slim-app.INFO: The args: [] {"uid":"785eefc"}
[2018-08-11 12:49:44] slim-app.INFO: home controller [] {"uid":"d752293"}
[2018-08-11 12:49:44] slim-app.INFO: The args: [] {"uid":"d752293"}
[2018-08-11 12:51:35] slim-app.INFO: home controller [] {"uid":"1418aff"}
[2018-08-11 12:51:35] slim-app.INFO: The args: [] {"uid":"1418aff"}
[2018-08-11 12:53:49] slim-app.INFO: home controller [] {"uid":"24750a2"}
[2018-08-11 12:53:49] slim-app.INFO: The args: [] {"uid":"24750a2"}
[2018-08-11 12:56:57] slim-app.INFO: home controller [] {"uid":"cbafae1"}
[2018-08-11 12:56:57] slim-app.INFO: The args: [] {"uid":"cbafae1"}
[2018-08-11 12:57:30] slim-app.INFO: home controller [] {"uid":"8e92329"}
[2018-08-11 12:57:30] slim-app.INFO: The args: [] {"uid":"8e92329"}
[2018-08-11 12:57:41] slim-app.INFO: home controller [] {"uid":"5f3260f"}
[2018-08-11 12:57:41] slim-app.INFO: The args: [] {"uid":"5f3260f"}
[2018-08-11 12:58:10] slim-app.INFO: home controller [] {"uid":"b100fa9"}
[2018-08-11 12:58:10] slim-app.INFO: The args: [] {"uid":"b100fa9"}
[2018-08-11 13:00:55] slim-app.ERROR: csrf validation error {"request":null} {"uid":"d1dd8ce"}
[2018-08-11 13:00:55] slim-app.INFO: home controller [] {"uid":"840f291"}
[2018-08-11 13:00:55] slim-app.INFO: The args: [] {"uid":"840f291"}
[2018-08-11 13:00:55] slim-app.INFO: home controller [] {"uid":"e7426fb"}
[2018-08-11 13:00:55] slim-app.INFO: The args: {"name":"name"} {"uid":"e7426fb"}
[2018-08-11 13:02:39] slim-app.ERROR: csrf validation error {"request":null} {"uid":"fa375a7"}
[2018-08-11 13:02:39] slim-app.INFO: home controller [] {"uid":"b53aded"}
[2018-08-11 13:02:39] slim-app.INFO: The args: [] {"uid":"b53aded"}
[2018-08-11 13:02:39] slim-app.INFO: home controller [] {"uid":"693dc28"}
[2018-08-11 13:02:39] slim-app.INFO: The args: {"name":"name"} {"uid":"693dc28"}
[2018-08-11 13:05:31] slim-app.ERROR: Static route "/csrf" is shadowed by previously defined variable route "/([^/]+)" for method "GET" {"exception":"[object] (FastRoute\\BadRouteException(code: 0): Static route \"/csrf\" is shadowed by previously defined variable route \"/([^/]+)\" for method \"GET\" at /var/www/html/slim-skeleton/vendor/nikic/fast-route/src/DataGenerator/RegexBasedAbstract.php:95)"} {"uid":"0b91488"}
[2018-08-11 13:05:49] slim-app.INFO: home controller [] {"uid":"1c80d76"}
[2018-08-11 13:05:49] slim-app.INFO: The args: [] {"uid":"1c80d76"}
[2018-08-11 13:06:00] slim-app.INFO: home controller [] {"uid":"7df0eb8"}
[2018-08-11 13:06:00] slim-app.INFO: The args: [] {"uid":"7df0eb8"}
[2018-08-11 13:06:08] slim-app.INFO: home controller [] {"uid":"5c94014"}
[2018-08-11 13:06:08] slim-app.INFO: The args: [] {"uid":"5c94014"}
[2018-08-11 13:06:10] slim-app.INFO: home controller [] {"uid":"8d832f2"}
[2018-08-11 13:06:10] slim-app.INFO: The args: [] {"uid":"8d832f2"}
[2018-08-11 13:06:11] slim-app.INFO: home controller [] {"uid":"92c4c3d"}
[2018-08-11 13:06:11] slim-app.INFO: The args: [] {"uid":"92c4c3d"}
[2018-08-11 13:06:13] slim-app.INFO: home controller [] {"uid":"470f1ee"}
[2018-08-11 13:06:13] slim-app.INFO: The args: [] {"uid":"470f1ee"}
[2018-08-11 13:06:16] slim-app.INFO: home controller [] {"uid":"4967064"}
[2018-08-11 13:06:16] slim-app.INFO: The args: [] {"uid":"4967064"}
[2018-08-11 13:06:18] slim-app.INFO: home controller [] {"uid":"a73a10d"}
[2018-08-11 13:06:18] slim-app.INFO: The args: [] {"uid":"a73a10d"}
[2018-08-11 13:06:31] slim-app.INFO: home controller [] {"uid":"d364f8b"}
[2018-08-11 13:06:31] slim-app.INFO: The args: [] {"uid":"d364f8b"}
[2018-08-11 13:06:45] slim-app.INFO: home controller [] {"uid":"8e512cb"}
[2018-08-11 13:06:45] slim-app.INFO: The args: [] {"uid":"8e512cb"}
[2018-08-11 21:41:56] slim-app.INFO: home controller [] {"uid":"49d0ac1"}
[2018-08-11 21:41:56] slim-app.INFO: The args: [] {"uid":"49d0ac1"}
